            -3.00000           -81.00000
            -2.70000          -144.02051
            -2.40000          -140.67302
            -2.10000          -108.71488
            -1.80000           -70.96378
            -1.50000           -39.23438
            -1.20000           -17.75002
            -0.90000            -6.02956
            -0.60000            -1.24934
            -0.30000            -0.08027
             0.00000             0.00000
             0.30000            -0.08027
             0.60000            -1.24934
             0.90000            -6.02956
             1.20000           -17.75002
             1.50000           -39.23438
             1.80000           -70.96378
             2.10000          -108.71488
             2.40000          -140.67302
             2.70000          -144.02051
             3.00000           -81.00000
""
            -3.00000           -57.81969
            -2.70000           -57.81969
            -2.40000           -57.81969
            -2.10000           -57.81969
            -1.80000           -57.81969
            -1.50000           -57.81969
            -1.20000           -57.81969
            -0.90000           -57.81969
            -0.60000           -57.81969
            -0.30000           -57.81969
             0.00000           -57.81969
             0.30000           -57.81969
             0.60000           -57.81969
             0.90000           -57.81969
             1.20000           -57.81969
             1.50000           -57.81969
             1.80000           -57.81969
             2.10000           -57.81969
             2.40000           -57.81969
             2.70000           -57.81969
             3.00000           -57.81969
""
            -3.00000          -133.05229
            -2.70000          -129.37015
            -2.40000          -118.68414
            -2.10000          -102.04030
            -1.80000           -81.06784
            -1.50000           -57.81969
            -1.20000           -34.57154
            -0.90000           -13.59908
            -0.60000             3.04476
            -0.30000            13.73077
             0.00000            17.41291
             0.30000            13.73077
             0.60000             3.04476
             0.90000           -13.59908
             1.20000           -34.57154
             1.50000           -57.81969
             1.80000           -81.06784
             2.10000          -102.04030
             2.40000          -118.68414
             2.70000          -129.37015
             3.00000          -133.05229
""
            -3.00000          -145.90039
            -2.70000          -139.76447
            -2.40000          -122.65442
            -2.10000           -98.07003
            -1.80000           -70.67352
            -1.50000           -44.97160
            -1.20000           -24.17721
            -0.90000            -9.62880
            -0.60000            -0.92552
            -0.30000             3.33644
             0.00000             4.56482
             0.30000             3.33644
             0.60000            -0.92552
             0.90000            -9.62880
             1.20000           -24.17721
             1.50000           -44.97160
             1.80000           -70.67352
             2.10000           -98.07003
             2.40000          -122.65442
             2.70000          -139.76447
             3.00000          -145.90039
""
            -3.00000          -136.33475
            -2.70000          -134.14193
            -2.40000          -125.61037
            -2.10000          -107.16749
            -1.80000           -78.41228
            -1.50000           -44.97160
            -1.20000           -16.43844
            -0.90000            -0.53133
            -0.60000             2.03043
            -0.30000            -2.28610
             0.00000            -5.00082
             0.30000            -2.28610
             0.60000             2.03043
             0.90000            -0.53133
             1.20000           -16.43844
             1.50000           -44.97160
             1.80000           -78.41228
             2.10000          -107.16749
             2.40000          -125.61037
             2.70000          -134.14193
             3.00000          -136.33475
""
